This is pdfTeX, Version 3.14159265-2.6-1.40.20 (TeX Live 2019) (preloaded format=pdflatex 2020.2.24)  24 MAY 2020 19:46
entering extended mode
 restricted \write18 enabled.
 file:line:error style messages enabled.
 %&-line parsing enabled.
**/Users/nikitaselyakh/Desktop/kursach/course/CourseWorkSample.tex
(/Users/nikitaselyakh/Desktop/kursach/course/CourseWorkSample.tex
LaTeX2e <2018-12-01>
(/usr/local/texlive/2019/texmf-dist/tex/latex/extsizes/extreport.cls
Document Class: extreport 1996/10/08 v1.0 Non Standard LaTeX document class
(/usr/local/texlive/2019/texmf-dist/tex/latex/extsizes/size14.clo
File: size14.clo 1999/11/11 v1.4a NON-Standard LaTeX file (size option)
) (/usr/local/texlive/2019/texmf-dist/tex/latex/base/exscale.sty
Package: exscale 2018/09/24 v2.1i Standard LaTeX package exscale
LaTeX Font Info:    Redeclaring symbol font `largesymbols' on input line 57.
LaTeX Font Info:    Overwriting symbol font `largesymbols' in version `normal'
(Font)                  OMX/cmex/m/n --> OMX/cmex/m/n on input line 57.
LaTeX Font Info:    Overwriting symbol font `largesymbols' in version `bold'
(Font)                  OMX/cmex/m/n --> OMX/cmex/m/n on input line 57.
\big@size=\dimen102
)
\c@part=\count80
\c@chapter=\count81
\c@section=\count82
\c@subsection=\count83
\c@subsubsection=\count84
\c@paragraph=\count85
\c@subparagraph=\count86
\c@figure=\count87
\c@table=\count88
\abovecaptionskip=\skip41
\belowcaptionskip=\skip42
\bibindent=\dimen103
) (/usr/local/texlive/2019/texmf-dist/tex/latex/base/inputenc.sty
Package: inputenc 2018/08/11 v1.3c Input encoding file
\inpenc@prehook=\toks14
\inpenc@posthook=\toks15
 (/usr/local/texlive/2019/texmf-dist/tex/latex/cyrillic/cp1251.def
File: cp1251.def 2014/10/28 v1.0d Input encoding file
)) (/Users/nikitaselyakh/Desktop/kursach/course/BSUStyle.sty
Package: BSUStyle 2017/05/01 BSU diploma and master thesis package
 (/usr/local/texlive/2019/texmf-dist/tex/generic/babel/babel.sty
Package: babel 2019/05/04 3.31 The Babel package
 (/usr/local/texlive/2019/texmf-dist/tex/generic/babel/switch.def
File: switch.def 2019/05/04 3.31 Babel switching mechanism
) (/usr/local/texlive/2019/texmf-dist/tex/generic/babel-russian/russianb.ldf
Language: russian 2017/08/12 1.3j Russian support for the Babel system
 (/usr/local/texlive/2019/texmf-dist/tex/generic/babel/babel.def
File: babel.def 2019/05/04 3.31 Babel common definitions
\babel@savecnt=\count89
\U@D=\dimen104
 (/usr/local/texlive/2019/texmf-dist/tex/generic/babel/txtbabel.def)
\bbl@dirlevel=\count90
)

Package babel Warning: No Cyrillic font encoding has been loaded so far.
(babel)                A font encoding should be declared before babel.
(babel)                Default `T2A' encoding will be loaded  on input line 74.

(/usr/local/texlive/2019/texmf-dist/tex/latex/cyrillic/t2aenc.def
File: t2aenc.def 2005/09/27 v1.0i Cyrillic encoding definition file
Now handling font encoding T2A ...
... processing UTF-8 mapping file for font encoding T2A
 (/usr/local/texlive/2019/texmf-dist/tex/latex/base/t2aenc.dfu
File: t2aenc.dfu 2018/10/05 v1.2f UTF-8 support for inputenc
   defining Unicode char U+00A4 (decimal 164)
   defining Unicode char U+00A7 (decimal 167)
   defining Unicode char U+00AB (decimal 171)
   defining Unicode char U+00BB (decimal 187)
   defining Unicode char U+0131 (decimal 305)
   defining Unicode char U+0237 (decimal 567)
   defining Unicode char U+0400 (decimal 1024)
   defining Unicode char U+0401 (decimal 1025)
   defining Unicode char U+0402 (decimal 1026)
   defining Unicode char U+0403 (decimal 1027)
   defining Unicode char U+0404 (decimal 1028)
   defining Unicode char U+0405 (decimal 1029)
   defining Unicode char U+0406 (decimal 1030)
   defining Unicode char U+0407 (decimal 1031)
   defining Unicode char U+0408 (decimal 1032)
   defining Unicode char U+0409 (decimal 1033)
   defining Unicode char U+040A (decimal 1034)
   defining Unicode char U+040B (decimal 1035)
   defining Unicode char U+040C (decimal 1036)
   defining Unicode char U+040D (decimal 1037)
   defining Unicode char U+040E (decimal 1038)
   defining Unicode char U+040F (decimal 1039)
   defining Unicode char U+0410 (decimal 1040)
   defining Unicode char U+0411 (decimal 1041)
   defining Unicode char U+0412 (decimal 1042)
   defining Unicode char U+0413 (decimal 1043)
   defining Unicode char U+0414 (decimal 1044)
   defining Unicode char U+0415 (decimal 1045)
   defining Unicode char U+0416 (decimal 1046)
   defining Unicode char U+0417 (decimal 1047)
   defining Unicode char U+0418 (decimal 1048)
   defining Unicode char U+0419 (decimal 1049)
   defining Unicode char U+041A (decimal 1050)
   defining Unicode char U+041B (decimal 1051)
   defining Unicode char U+041C (decimal 1052)
   defining Unicode char U+041D (decimal 1053)
   defining Unicode char U+041E (decimal 1054)
   defining Unicode char U+041F (decimal 1055)
   defining Unicode char U+0420 (decimal 1056)
   defining Unicode char U+0421 (decimal 1057)
   defining Unicode char U+0422 (decimal 1058)
   defining Unicode char U+0423 (decimal 1059)
   defining Unicode char U+0424 (decimal 1060)
   defining Unicode char U+0425 (decimal 1061)
   defining Unicode char U+0426 (decimal 1062)
   defining Unicode char U+0427 (decimal 1063)
   defining Unicode char U+0428 (decimal 1064)
   defining Unicode char U+0429 (decimal 1065)
   defining Unicode char U+042A (decimal 1066)
   defining Unicode char U+042B (decimal 1067)
   defining Unicode char U+042C (decimal 1068)
   defining Unicode char U+042D (decimal 1069)
   defining Unicode char U+042E (decimal 1070)
   defining Unicode char U+042F (decimal 1071)
   defining Unicode char U+0430 (decimal 1072)
   defining Unicode char U+0431 (decimal 1073)
   defining Unicode char U+0432 (decimal 1074)
   defining Unicode char U+0433 (decimal 1075)
   defining Unicode char U+0434 (decimal 1076)
   defining Unicode char U+0435 (decimal 1077)
   defining Unicode char U+0436 (decimal 1078)
   defining Unicode char U+0437 (decimal 1079)
   defining Unicode char U+0438 (decimal 1080)
   defining Unicode char U+0439 (decimal 1081)
   defining Unicode char U+043A (decimal 1082)
   defining Unicode char U+043B (decimal 1083)
   defining Unicode char U+043C (decimal 1084)
   defining Unicode char U+043D (decimal 1085)
   defining Unicode char U+043E (decimal 1086)
   defining Unicode char U+043F (decimal 1087)
   defining Unicode char U+0440 (decimal 1088)
   defining Unicode char U+0441 (decimal 1089)
   defining Unicode char U+0442 (decimal 1090)
   defining Unicode char U+0443 (decimal 1091)
   defining Unicode char U+0444 (decimal 1092)
   defining Unicode char U+0445 (decimal 1093)
   defining Unicode char U+0446 (decimal 1094)
   defining Unicode char U+0447 (decimal 1095)
   defining Unicode char U+0448 (decimal 1096)
   defining Unicode char U+0449 (decimal 1097)
   defining Unicode char U+044A (decimal 1098)
   defining Unicode char U+044B (decimal 1099)
   defining Unicode char U+044C (decimal 1100)
   defining Unicode char U+044D (decimal 1101)
   defining Unicode char U+044E (decimal 1102)
   defining Unicode char U+044F (decimal 1103)
   defining Unicode char U+0450 (decimal 1104)
   defining Unicode char U+0451 (decimal 1105)
   defining Unicode char U+0452 (decimal 1106)
   defining Unicode char U+0453 (decimal 1107)
   defining Unicode char U+0454 (decimal 1108)
   defining Unicode char U+0455 (decimal 1109)
   defining Unicode char U+0456 (decimal 1110)
   defining Unicode char U+0457 (decimal 1111)
   defining Unicode char U+0458 (decimal 1112)
   defining Unicode char U+0459 (decimal 1113)
   defining Unicode char U+045A (decimal 1114)
   defining Unicode char U+045B (decimal 1115)
   defining Unicode char U+045C (decimal 1116)
   defining Unicode char U+045D (decimal 1117)
   defining Unicode char U+045E (decimal 1118)
   defining Unicode char U+045F (decimal 1119)
   defining Unicode char U+0490 (decimal 1168)
   defining Unicode char U+0491 (decimal 1169)
   defining Unicode char U+0492 (decimal 1170)
   defining Unicode char U+0493 (decimal 1171)
   defining Unicode char U+0496 (decimal 1174)
   defining Unicode char U+0497 (decimal 1175)
   defining Unicode char U+0498 (decimal 1176)
   defining Unicode char U+0499 (decimal 1177)
   defining Unicode char U+049A (decimal 1178)
   defining Unicode char U+049B (decimal 1179)
   defining Unicode char U+049C (decimal 1180)
   defining Unicode char U+049D (decimal 1181)
   defining Unicode char U+04A0 (decimal 1184)
   defining Unicode char U+04A1 (decimal 1185)
   defining Unicode char U+04A2 (decimal 1186)
   defining Unicode char U+04A3 (decimal 1187)
   defining Unicode char U+04A4 (decimal 1188)
   defining Unicode char U+04A5 (decimal 1189)
   defining Unicode char U+04AA (decimal 1194)
   defining Unicode char U+04AB (decimal 1195)
   defining Unicode char U+04AE (decimal 1198)
   defining Unicode char U+04AF (decimal 1199)
   defining Unicode char U+04B0 (decimal 1200)
   defining Unicode char U+04B1 (decimal 1201)
   defining Unicode char U+04B2 (decimal 1202)
   defining Unicode char U+04B3 (decimal 1203)
   defining Unicode char U+04B6 (decimal 1206)
   defining Unicode char U+04B7 (decimal 1207)
   defining Unicode char U+04B8 (decimal 1208)
   defining Unicode char U+04B9 (decimal 1209)
   defining Unicode char U+04BA (decimal 1210)
   defining Unicode char U+04BB (decimal 1211)
   defining Unicode char U+04C0 (decimal 1216)
   defining Unicode char U+04C1 (decimal 1217)
   defining Unicode char U+04C2 (decimal 1218)
   defining Unicode char U+04D0 (decimal 1232)
   defining Unicode char U+04D1 (decimal 1233)
   defining Unicode char U+04D2 (decimal 1234)
   defining Unicode char U+04D3 (decimal 1235)
   defining Unicode char U+04D4 (decimal 1236)
   defining Unicode char U+04D5 (decimal 1237)
   defining Unicode char U+04D6 (decimal 1238)
   defining Unicode char U+04D7 (decimal 1239)
   defining Unicode char U+04D8 (decimal 1240)
   defining Unicode char U+04D9 (decimal 1241)
   defining Unicode char U+04DA (decimal 1242)
   defining Unicode char U+04DB (decimal 1243)
   defining Unicode char U+04DC (decimal 1244)
   defining Unicode char U+04DD (decimal 1245)
   defining Unicode char U+04DE (decimal 1246)
   defining Unicode char U+04DF (decimal 1247)
   defining Unicode char U+04E2 (decimal 1250)
   defining Unicode char U+04E3 (decimal 1251)
   defining Unicode char U+04E4 (decimal 1252)
   defining Unicode char U+04E5 (decimal 1253)
   defining Unicode char U+04E6 (decimal 1254)
   defining Unicode char U+04E7 (decimal 1255)
   defining Unicode char U+04E8 (decimal 1256)
   defining Unicode char U+04E9 (decimal 1257)
   defining Unicode char U+04EC (decimal 1260)
   defining Unicode char U+04ED (decimal 1261)
   defining Unicode char U+04EE (decimal 1262)
   defining Unicode char U+04EF (decimal 1263)
   defining Unicode char U+04F0 (decimal 1264)
   defining Unicode char U+04F1 (decimal 1265)
   defining Unicode char U+04F2 (decimal 1266)
   defining Unicode char U+04F3 (decimal 1267)
   defining Unicode char U+04F4 (decimal 1268)
   defining Unicode char U+04F5 (decimal 1269)
   defining Unicode char U+04F8 (decimal 1272)
   defining Unicode char U+04F9 (decimal 1273)
   defining Unicode char U+200C (decimal 8204)
   defining Unicode char U+2013 (decimal 8211)
   defining Unicode char U+2014 (decimal 8212)
   defining Unicode char U+2018 (decimal 8216)
   defining Unicode char U+2019 (decimal 8217)
   defining Unicode char U+201C (decimal 8220)
   defining Unicode char U+201D (decimal 8221)
   defining Unicode char U+201E (decimal 8222)
   defining Unicode char U+2030 (decimal 8240)
   defining Unicode char U+2031 (decimal 8241)
   defining Unicode char U+2116 (decimal 8470)
   defining Unicode char U+2329 (decimal 9001)
   defining Unicode char U+232A (decimal 9002)
   defining Unicode char U+2423 (decimal 9251)
))
Package babel Info: Making " an active character on input line 120.
Package babel Info: Default for \cyrdash is provided on input line 157.
)) (/usr/local/texlive/2019/texmf-dist/tex/latex/tools/indentfirst.sty
Package: indentfirst 1995/11/23 v1.03 Indent first paragraph (DPC)
) (/usr/local/texlive/2019/texmf-dist/tex/latex/graphics/graphicx.sty
Package: graphicx 2017/06/01 v1.1a Enhanced LaTeX Graphics (DPC,SPQR)
 (/usr/local/texlive/2019/texmf-dist/tex/latex/graphics/keyval.sty
Package: keyval 2014/10/28 v1.15 key=value parser (DPC)
\KV@toks@=\toks16
) (/usr/local/texlive/2019/texmf-dist/tex/latex/graphics/graphics.sty
Package: graphics 2017/06/25 v1.2c Standard LaTeX Graphics (DPC,SPQR)
 (/usr/local/texlive/2019/texmf-dist/tex/latex/graphics/trig.sty
Package: trig 2016/01/03 v1.10 sin cos tan (DPC)
) (/usr/local/texlive/2019/texmf-dist/tex/latex/graphics-cfg/graphics.cfg
File: graphics.cfg 2016/06/04 v1.11 sample graphics configuration
)
Package graphics Info: Driver file: pdftex.def on input line 99.
 (/usr/local/texlive/2019/texmf-dist/tex/latex/graphics-def/pdftex.def
File: pdftex.def 2018/01/08 v1.0l Graphics/color driver for pdftex
))
\Gin@req@height=\dimen105
\Gin@req@width=\dimen106
) (/usr/local/texlive/2019/texmf-dist/tex/latex/amsmath/amsmath.sty
Package: amsmath 2018/12/01 v2.17b AMS math features
\@mathmargin=\skip43

For additional information on amsmath, use the `?' option.
(/usr/local/texlive/2019/texmf-dist/tex/latex/amsmath/amstext.sty
Package: amstext 2000/06/29 v2.01 AMS text
 (/usr/local/texlive/2019/texmf-dist/tex/latex/amsmath/amsgen.sty
File: amsgen.sty 1999/11/30 v2.0 generic functions
\@emptytoks=\toks17
\ex@=\dimen107
)) (/usr/local/texlive/2019/texmf-dist/tex/latex/amsmath/amsbsy.sty
Package: amsbsy 1999/11/29 v1.2d Bold Symbols
\pmbraise@=\dimen108
) (/usr/local/texlive/2019/texmf-dist/tex/latex/amsmath/amsopn.sty
Package: amsopn 2016/03/08 v2.02 operator names
)
\inf@bad=\count91
LaTeX Info: Redefining \frac on input line 223.
\uproot@=\count92
\leftroot@=\count93
LaTeX Info: Redefining \overline on input line 385.
\classnum@=\count94
\DOTSCASE@=\count95
LaTeX Info: Redefining \ldots on input line 482.
LaTeX Info: Redefining \dots on input line 485.
LaTeX Info: Redefining \cdots on input line 606.
\Mathstrutbox@=\box27
\strutbox@=\box28
\big@size=\dimen109
LaTeX Font Info:    Redeclaring font encoding OML on input line 729.
LaTeX Font Info:    Redeclaring font encoding OMS on input line 730.
\macc@depth=\count96
\c@MaxMatrixCols=\count97
\dotsspace@=\muskip10
\c@parentequation=\count98
\dspbrk@lvl=\count99
\tag@help=\toks18
\row@=\count100
\column@=\count101
\maxfields@=\count102
\andhelp@=\toks19
\eqnshift@=\dimen110
\alignsep@=\dimen111
\tagshift@=\dimen112
\tagwidth@=\dimen113
\totwidth@=\dimen114
\lineht@=\dimen115
\@envbody=\toks20
\multlinegap=\skip44
\multlinetaggap=\skip45
\mathdisplay@stack=\toks21
LaTeX Info: Redefining \[ on input line 2844.
LaTeX Info: Redefining \] on input line 2845.
) (/usr/local/texlive/2019/texmf-dist/tex/latex/amsfonts/amsfonts.sty
Package: amsfonts 2013/01/14 v3.01 Basic AMSFonts support
\symAMSa=\mathgroup4
\symAMSb=\mathgroup5
LaTeX Font Info:    Overwriting math alphabet `\mathfrak' in version `bold'
(Font)                  U/euf/m/n --> U/euf/b/n on input line 106.
) (/usr/local/texlive/2019/texmf-dist/tex/latex/amsfonts/amssymb.sty
Package: amssymb 2013/01/14 v3.01 AMS font symbols
) (/usr/local/texlive/2019/texmf-dist/tex/latex/cite/cite.sty
LaTeX Info: Redefining \cite on input line 302.
LaTeX Info: Redefining \nocite on input line 332.
Package: cite 2015/02/27  v 5.5
) (/usr/local/texlive/2019/texmf-dist/tex/latex/oberdiek/epstopdf.sty
Package: epstopdf 2016/05/15 v2.6 Conversion with epstopdf on the fly (HO)
 (/usr/local/texlive/2019/texmf-dist/tex/latex/oberdiek/epstopdf-base.sty
Package: epstopdf-base 2016/05/15 v2.6 Base part for package epstopdf
 (/usr/local/texlive/2019/texmf-dist/tex/generic/oberdiek/infwarerr.sty
Package: infwarerr 2016/05/16 v1.4 Providing info/warning/error messages (HO)
) (/usr/local/texlive/2019/texmf-dist/tex/latex/oberdiek/grfext.sty
Package: grfext 2016/05/16 v1.2 Manage graphics extensions (HO)
 (/usr/local/texlive/2019/texmf-dist/tex/generic/oberdiek/kvdefinekeys.sty
Package: kvdefinekeys 2016/05/16 v1.4 Define keys (HO)
 (/usr/local/texlive/2019/texmf-dist/tex/generic/oberdiek/ltxcmds.sty
Package: ltxcmds 2016/05/16 v1.23 LaTeX kernel commands for general use (HO)
))) (/usr/local/texlive/2019/texmf-dist/tex/latex/oberdiek/kvoptions.sty
Package: kvoptions 2016/05/16 v3.12 Key value format for package options (HO)
 (/usr/local/texlive/2019/texmf-dist/tex/generic/oberdiek/kvsetkeys.sty
Package: kvsetkeys 2016/05/16 v1.17 Key value parser (HO)
 (/usr/local/texlive/2019/texmf-dist/tex/generic/oberdiek/etexcmds.sty
Package: etexcmds 2016/05/16 v1.6 Avoid name clashes with e-TeX commands (HO)
 (/usr/local/texlive/2019/texmf-dist/tex/generic/oberdiek/ifluatex.sty
Package: ifluatex 2016/05/16 v1.4 Provides the ifluatex switch (HO)
Package ifluatex Info: LuaTeX not detected.
)))) (/usr/local/texlive/2019/texmf-dist/tex/generic/oberdiek/pdftexcmds.sty
Package: pdftexcmds 2018/09/10 v0.29 Utility functions of pdfTeX for LuaTeX (HO)
 (/usr/local/texlive/2019/texmf-dist/tex/generic/oberdiek/ifpdf.sty
Package: ifpdf 2018/09/07 v3.3 Provides the ifpdf switch
)
Package pdftexcmds Info: LuaTeX not detected.
Package pdftexcmds Info: \pdf@primitive is available.
Package pdftexcmds Info: \pdf@ifprimitive is available.
Package pdftexcmds Info: \pdfdraftmode found.
)
Package epstopdf-base Info: Redefining graphics rule for `.eps' on input line 438.
Package grfext Info: Graphics extension search list:
(grfext)             [.pdf,.png,.jpg,.mps,.jpeg,.jbig2,.jb2,.PDF,.PNG,.JPG,.JPEG,.JBIG2,.JB2,.eps]
(grfext)             \AppendGraphicsExtensions on input line 456.
 (/usr/local/texlive/2019/texmf-dist/tex/latex/latexconfig/epstopdf-sys.cfg
File: epstopdf-sys.cfg 2010/07/13 v1.3 Configuration of (r)epstopdf for TeX Live
))) (/usr/local/texlive/2019/texmf-dist/tex/latex/pgf/frontendlayer/tikz.sty (/usr/local/texlive/2019/texmf-dist/tex/latex/pgf/basiclayer/pgf.sty (/usr/local/texlive/2019/texmf-dist/tex/latex/pgf/utilities/pgfrcs.sty (/usr/local/texlive/2019/texmf-dist/tex/generic/pgf/utilities/pgfutil-common.tex
\pgfutil@everybye=\toks22
\pgfutil@tempdima=\dimen116
\pgfutil@tempdimb=\dimen117
 (/usr/local/texlive/2019/texmf-dist/tex/generic/pgf/utilities/pgfutil-common-lists.tex)) (/usr/local/texlive/2019/texmf-dist/tex/generic/pgf/utilities/pgfutil-latex.def
\pgfutil@abb=\box29
 (/usr/local/texlive/2019/texmf-dist/tex/latex/ms/everyshi.sty
Package: everyshi 2001/05/15 v3.00 EveryShipout Package (MS)
)) (/usr/local/texlive/2019/texmf-dist/tex/generic/pgf/utilities/pgfrcs.code.tex (/usr/local/texlive/2019/texmf-dist/tex/generic/pgf/pgf.revision.tex)
Package: pgfrcs 2019/04/04 v3.1.2 (3.1.2)
))
Package: pgf 2019/04/04 v3.1.2 (3.1.2)
 (/usr/local/texlive/2019/texmf-dist/tex/latex/pgf/basiclayer/pgfcore.sty (/usr/local/texlive/2019/texmf-dist/tex/latex/pgf/systemlayer/pgfsys.sty (/usr/local/texlive/2019/texmf-dist/tex/generic/pgf/systemlayer/pgfsys.code.tex
Package: pgfsys 2019/04/04 v3.1.2 (3.1.2)
 (/usr/local/texlive/2019/texmf-dist/tex/generic/pgf/utilities/pgfkeys.code.tex
\pgfkeys@pathtoks=\toks23
\pgfkeys@temptoks=\toks24
 (/usr/local/texlive/2019/texmf-dist/tex/generic/pgf/utilities/pgfkeysfiltered.code.tex
\pgfkeys@tmptoks=\toks25
))
\pgf@x=\dimen118
\pgf@y=\dimen119
\pgf@xa=\dimen120
\pgf@ya=\dimen121
\pgf@xb=\dimen122
\pgf@yb=\dimen123
\pgf@xc=\dimen124
\pgf@yc=\dimen125
\w@pgf@writea=\write3
\r@pgf@reada=\read1
\c@pgf@counta=\count103
\c@pgf@countb=\count104
\c@pgf@countc=\count105
\c@pgf@countd=\count106
\t@pgf@toka=\toks26
\t@pgf@tokb=\toks27
\t@pgf@tokc=\toks28
\pgf@sys@id@count=\count107
 (/usr/local/texlive/2019/texmf-dist/tex/generic/pgf/systemlayer/pgf.cfg
File: pgf.cfg 2019/04/04 v3.1.2 (3.1.2)
)
Driver file for pgf: pgfsys-pdftex.def
 (/usr/local/texlive/2019/texmf-dist/tex/generic/pgf/systemlayer/pgfsys-pdftex.def
File: pgfsys-pdftex.def 2019/04/04 v3.1.2 (3.1.2)
 (/usr/local/texlive/2019/texmf-dist/tex/generic/pgf/systemlayer/pgfsys-common-pdf.def
File: pgfsys-common-pdf.def 2019/04/04 v3.1.2 (3.1.2)
))) (/usr/local/texlive/2019/texmf-dist/tex/generic/pgf/systemlayer/pgfsyssoftpath.code.tex
File: pgfsyssoftpath.code.tex 2019/04/04 v3.1.2 (3.1.2)
\pgfsyssoftpath@smallbuffer@items=\count108
\pgfsyssoftpath@bigbuffer@items=\count109
) (/usr/local/texlive/2019/texmf-dist/tex/generic/pgf/systemlayer/pgfsysprotocol.code.tex
File: pgfsysprotocol.code.tex 2019/04/04 v3.1.2 (3.1.2)
)) (/usr/local/texlive/2019/texmf-dist/tex/latex/xcolor/xcolor.sty
Package: xcolor 2016/05/11 v2.12 LaTeX color extensions (UK)
 (/usr/local/texlive/2019/texmf-dist/tex/latex/graphics-cfg/color.cfg
File: color.cfg 2016/01/02 v1.6 sample color configuration
)
Package xcolor Info: Driver file: pdftex.def on input line 225.
Package xcolor Info: Model `cmy' substituted by `cmy0' on input line 1348.
Package xcolor Info: Model `hsb' substituted by `rgb' on input line 1352.
Package xcolor Info: Model `RGB' extended on input line 1364.
Package xcolor Info: Model `HTML' substituted by `rgb' on input line 1366.
Package xcolor Info: Model `Hsb' substituted by `hsb' on input line 1367.
Package xcolor Info: Model `tHsb' substituted by `hsb' on input line 1368.
Package xcolor Info: Model `HSB' substituted by `hsb' on input line 1369.
Package xcolor Info: Model `Gray' substituted by `gray' on input line 1370.
Package xcolor Info: Model `wave' substituted by `hsb' on input line 1371.
) (/usr/local/texlive/2019/texmf-dist/tex/generic/pgf/basiclayer/pgfcore.code.tex
Package: pgfcore 2019/04/04 v3.1.2 (3.1.2)
 (/usr/local/texlive/2019/texmf-dist/tex/generic/pgf/math/pgfmath.code.tex (/usr/local/texlive/2019/texmf-dist/tex/generic/pgf/math/pgfmathcalc.code.tex (/usr/local/texlive/2019/texmf-dist/tex/generic/pgf/math/pgfmathutil.code.tex) (/usr/local/texlive/2019/texmf-dist/tex/generic/pgf/math/pgfmathparser.code.tex
\pgfmath@dimen=\dimen126
\pgfmath@count=\count110
\pgfmath@box=\box30
\pgfmath@toks=\toks29
\pgfmath@stack@operand=\toks30
\pgfmath@stack@operation=\toks31
) (/usr/local/texlive/2019/texmf-dist/tex/generic/pgf/math/pgfmathfunctions.code.tex (/usr/local/texlive/2019/texmf-dist/tex/generic/pgf/math/pgfmathfunctions.basic.code.tex) (/usr/local/texlive/2019/texmf-dist/tex/generic/pgf/math/pgfmathfunctions.trigonometric.code.tex) (/usr/local/texlive/2019/texmf-dist/tex/generic/pgf/math/pgfmathfunctions.random.code.tex) (/usr/local/texlive/2019/texmf-dist/tex/generic/pgf/math/pgfmathfunctions.comparison.code.tex) (/usr/local/texlive/2019/texmf-dist/tex/generic/pgf/math/pgfmathfunctions.base.code.tex) (/usr/local/texlive/2019/texmf-dist/tex/generic/pgf/math/pgfmathfunctions.round.code.tex) (/usr/local/texlive/2019/texmf-dist/tex/generic/pgf/math/pgfmathfunctions.misc.code.tex) (/usr/local/texlive/2019/texmf-dist/tex/generic/pgf/math/pgfmathfunctions.integerarithmetics.code.tex))) (/usr/local/texlive/2019/texmf-dist/tex/generic/pgf/math/pgfmathfloat.code.tex
\c@pgfmathroundto@lastzeros=\count111
)) (/usr/local/texlive/2019/texmf-dist/tex/generic/pgf/basiclayer/pgfcorepoints.code.tex
File: pgfcorepoints.code.tex 2019/04/04 v3.1.2 (3.1.2)
\pgf@picminx=\dimen127
\pgf@picmaxx=\dimen128
\pgf@picminy=\dimen129
\pgf@picmaxy=\dimen130
\pgf@pathminx=\dimen131
\pgf@pathmaxx=\dimen132
\pgf@pathminy=\dimen133
\pgf@pathmaxy=\dimen134
\pgf@xx=\dimen135
\pgf@xy=\dimen136
\pgf@yx=\dimen137
\pgf@yy=\dimen138
\pgf@zx=\dimen139
\pgf@zy=\dimen140
) (/usr/local/texlive/2019/texmf-dist/tex/generic/pgf/basiclayer/pgfcorepathconstruct.code.tex
File: pgfcorepathconstruct.code.tex 2019/04/04 v3.1.2 (3.1.2)
\pgf@path@lastx=\dimen141
\pgf@path@lasty=\dimen142
) (/usr/local/texlive/2019/texmf-dist/tex/generic/pgf/basiclayer/pgfcorepathusage.code.tex
File: pgfcorepathusage.code.tex 2019/04/04 v3.1.2 (3.1.2)
\pgf@shorten@end@additional=\dimen143
\pgf@shorten@start@additional=\dimen144
) (/usr/local/texlive/2019/texmf-dist/tex/generic/pgf/basiclayer/pgfcorescopes.code.tex
File: pgfcorescopes.code.tex 2019/04/04 v3.1.2 (3.1.2)
\pgfpic=\box31
\pgf@hbox=\box32
\pgf@layerbox@main=\box33
\pgf@picture@serial@count=\count112
) (/usr/local/texlive/2019/texmf-dist/tex/generic/pgf/basiclayer/pgfcoregraphicstate.code.tex
File: pgfcoregraphicstate.code.tex 2019/04/04 v3.1.2 (3.1.2)
\pgflinewidth=\dimen145
) (/usr/local/texlive/2019/texmf-dist/tex/generic/pgf/basiclayer/pgfcoretransformations.code.tex
File: pgfcoretransformations.code.tex 2019/04/04 v3.1.2 (3.1.2)
\pgf@pt@x=\dimen146
\pgf@pt@y=\dimen147
\pgf@pt@temp=\dimen148
) (/usr/local/texlive/2019/texmf-dist/tex/generic/pgf/basiclayer/pgfcorequick.code.tex
File: pgfcorequick.code.tex 2019/04/04 v3.1.2 (3.1.2)
) (/usr/local/texlive/2019/texmf-dist/tex/generic/pgf/basiclayer/pgfcoreobjects.code.tex
File: pgfcoreobjects.code.tex 2019/04/04 v3.1.2 (3.1.2)
) (/usr/local/texlive/2019/texmf-dist/tex/generic/pgf/basiclayer/pgfcorepathprocessing.code.tex
File: pgfcorepathprocessing.code.tex 2019/04/04 v3.1.2 (3.1.2)
) (/usr/local/texlive/2019/texmf-dist/tex/generic/pgf/basiclayer/pgfcorearrows.code.tex
File: pgfcorearrows.code.tex 2019/04/04 v3.1.2 (3.1.2)
\pgfarrowsep=\dimen149
) (/usr/local/texlive/2019/texmf-dist/tex/generic/pgf/basiclayer/pgfcoreshade.code.tex
File: pgfcoreshade.code.tex 2019/04/04 v3.1.2 (3.1.2)
\pgf@max=\dimen150
\pgf@sys@shading@range@num=\count113
\pgf@shadingcount=\count114
) (/usr/local/texlive/2019/texmf-dist/tex/generic/pgf/basiclayer/pgfcoreimage.code.tex
File: pgfcoreimage.code.tex 2019/04/04 v3.1.2 (3.1.2)
 (/usr/local/texlive/2019/texmf-dist/tex/generic/pgf/basiclayer/pgfcoreexternal.code.tex
File: pgfcoreexternal.code.tex 2019/04/04 v3.1.2 (3.1.2)
\pgfexternal@startupbox=\box34
)) (/usr/local/texlive/2019/texmf-dist/tex/generic/pgf/basiclayer/pgfcorelayers.code.tex
File: pgfcorelayers.code.tex 2019/04/04 v3.1.2 (3.1.2)
) (/usr/local/texlive/2019/texmf-dist/tex/generic/pgf/basiclayer/pgfcoretransparency.code.tex
File: pgfcoretransparency.code.tex 2019/04/04 v3.1.2 (3.1.2)
) (/usr/local/texlive/2019/texmf-dist/tex/generic/pgf/basiclayer/pgfcorepatterns.code.tex
File: pgfcorepatterns.code.tex 2019/04/04 v3.1.2 (3.1.2)
) (/usr/local/texlive/2019/texmf-dist/tex/generic/pgf/basiclayer/pgfcorerdf.code.tex
File: pgfcorerdf.code.tex 2019/04/04 v3.1.2 (3.1.2)
))) (/usr/local/texlive/2019/texmf-dist/tex/generic/pgf/modules/pgfmoduleshapes.code.tex
File: pgfmoduleshapes.code.tex 2019/04/04 v3.1.2 (3.1.2)
\pgfnodeparttextbox=\box35
) (/usr/local/texlive/2019/texmf-dist/tex/generic/pgf/modules/pgfmoduleplot.code.tex
File: pgfmoduleplot.code.tex 2019/04/04 v3.1.2 (3.1.2)
) (/usr/local/texlive/2019/texmf-dist/tex/latex/pgf/compatibility/pgfcomp-version-0-65.sty
Package: pgfcomp-version-0-65 2019/04/04 v3.1.2 (3.1.2)
\pgf@nodesepstart=\dimen151
\pgf@nodesepend=\dimen152
) (/usr/local/texlive/2019/texmf-dist/tex/latex/pgf/compatibility/pgfcomp-version-1-18.sty
Package: pgfcomp-version-1-18 2019/04/04 v3.1.2 (3.1.2)
)) (/usr/local/texlive/2019/texmf-dist/tex/latex/pgf/utilities/pgffor.sty (/usr/local/texlive/2019/texmf-dist/tex/latex/pgf/utilities/pgfkeys.sty (/usr/local/texlive/2019/texmf-dist/tex/generic/pgf/utilities/pgfkeys.code.tex)) (/usr/local/texlive/2019/texmf-dist/tex/latex/pgf/math/pgfmath.sty (/usr/local/texlive/2019/texmf-dist/tex/generic/pgf/math/pgfmath.code.tex)) (/usr/local/texlive/2019/texmf-dist/tex/generic/pgf/utilities/pgffor.code.tex
Package: pgffor 2019/04/04 v3.1.2 (3.1.2)
 (/usr/local/texlive/2019/texmf-dist/tex/generic/pgf/math/pgfmath.code.tex)
\pgffor@iter=\dimen153
\pgffor@skip=\dimen154
\pgffor@stack=\toks32
\pgffor@toks=\toks33
)) (/usr/local/texlive/2019/texmf-dist/tex/generic/pgf/frontendlayer/tikz/tikz.code.tex
Package: tikz 2019/04/04 v3.1.2 (3.1.2)
 (/usr/local/texlive/2019/texmf-dist/tex/generic/pgf/libraries/pgflibraryplothandlers.code.tex
File: pgflibraryplothandlers.code.tex 2019/04/04 v3.1.2 (3.1.2)
\pgf@plot@mark@count=\count115
\pgfplotmarksize=\dimen155
)
\tikz@lastx=\dimen156
\tikz@lasty=\dimen157
\tikz@lastxsaved=\dimen158
\tikz@lastysaved=\dimen159
\tikzleveldistance=\dimen160
\tikzsiblingdistance=\dimen161
\tikz@figbox=\box36
\tikz@figbox@bg=\box37
\tikz@tempbox=\box38
\tikz@tempbox@bg=\box39
\tikztreelevel=\count116
\tikznumberofchildren=\count117
\tikznumberofcurrentchild=\count118
\tikz@fig@count=\count119
 (/usr/local/texlive/2019/texmf-dist/tex/generic/pgf/modules/pgfmodulematrix.code.tex
File: pgfmodulematrix.code.tex 2019/04/04 v3.1.2 (3.1.2)
\pgfmatrixcurrentrow=\count120
\pgfmatrixcurrentcolumn=\count121
\pgf@matrix@numberofcolumns=\count122
)
\tikz@expandcount=\count123
 (/usr/local/texlive/2019/texmf-dist/tex/generic/pgf/frontendlayer/tikz/libraries/tikzlibrarytopaths.code.tex
File: tikzlibrarytopaths.code.tex 2019/04/04 v3.1.2 (3.1.2)
))) (/usr/local/texlive/2019/texmf-dist/tex/generic/pgf/frontendlayer/tikz/libraries/tikzlibrarypositioning.code.tex
File: tikzlibrarypositioning.code.tex 2019/04/04 v3.1.2 (3.1.2)
) (/usr/local/texlive/2019/texmf-dist/tex/latex/geometry/geometry.sty
Package: geometry 2018/04/16 v5.8 Page Geometry
 (/usr/local/texlive/2019/texmf-dist/tex/generic/oberdiek/ifvtex.sty
Package: ifvtex 2016/05/16 v1.6 Detect VTeX and its facilities (HO)
Package ifvtex Info: VTeX not detected.
) (/usr/local/texlive/2019/texmf-dist/tex/generic/ifxetex/ifxetex.sty
Package: ifxetex 2010/09/12 v0.6 Provides ifxetex conditional
)
\Gm@cnth=\count124
\Gm@cntv=\count125
\c@Gm@tempcnt=\count126
\Gm@bindingoffset=\dimen162
\Gm@wd@mp=\dimen163
\Gm@odd@mp=\dimen164
\Gm@even@mp=\dimen165
\Gm@layoutwidth=\dimen166
\Gm@layoutheight=\dimen167
\Gm@layouthoffset=\dimen168
\Gm@layoutvoffset=\dimen169
\Gm@dimlist=\toks34
) (/usr/local/texlive/2019/texmf-dist/tex/latex/setspace/setspace.sty
Package: setspace 2011/12/19 v6.7a set line spacing
)
\c@theorem=\count127
\c@corollary=\count128
\c@lemma=\count129
\c@proposition=\count130
\c@remark=\count131
\c@assumption=\count132
\c@example=\count133
\c@definition=\count134
\c@figcount=\count135
 (/usr/local/texlive/2019/texmf-dist/tex/latex/titlesec/titlesec.sty
Package: titlesec 2016/03/21 v2.10.2 Sectioning titles
\ttl@box=\box40
\beforetitleunit=\skip46
\aftertitleunit=\skip47
\ttl@plus=\dimen170
\ttl@minus=\dimen171
\ttl@toksa=\toks35
\titlewidth=\dimen172
\titlewidthlast=\dimen173
\titlewidthfirst=\dimen174
) (/usr/local/texlive/2019/texmf-dist/tex/latex/titlesec/titletoc.sty
Package: titletoc 2011/12/15 v1.6 TOC entries
\ttl@leftsep=\dimen175
)) (/usr/local/texlive/2019/texmf-dist/tex/latex/caption/subcaption.sty
Package: subcaption 2018/05/01 v1.1-162 Sub-captions (AR)
 (/usr/local/texlive/2019/texmf-dist/tex/latex/caption/caption.sty
Package: caption 2018/10/06 v3.3-154 Customizing captions (AR)
 (/usr/local/texlive/2019/texmf-dist/tex/latex/caption/caption3.sty
Package: caption3 2018/09/12 v1.8c caption3 kernel (AR)
Package caption3 Info: TeX engine: e-TeX on input line 64.
\captionmargin=\dimen176
\captionmargin@=\dimen177
\captionwidth=\dimen178
\caption@tempdima=\dimen179
\caption@indent=\dimen180
\caption@parindent=\dimen181
\caption@hangindent=\dimen182
)
\c@caption@flags=\count136
\c@ContinuedFloat=\count137
)
\c@subfigure=\count138
\c@subtable=\count139
) (/usr/local/texlive/2019/texmf-dist/tex/latex/listings/listings.sty
\lst@mode=\count140
\lst@gtempboxa=\box41
\lst@token=\toks36
\lst@length=\count141
\lst@currlwidth=\dimen183
\lst@column=\count142
\lst@pos=\count143
\lst@lostspace=\dimen184
\lst@width=\dimen185
\lst@newlines=\count144
\lst@lineno=\count145
\lst@maxwidth=\dimen186
 (/usr/local/texlive/2019/texmf-dist/tex/latex/listings/lstmisc.sty
File: lstmisc.sty 2019/02/27 1.8b (Carsten Heinz)
\c@lstnumber=\count146
\lst@skipnumbers=\count147
\lst@framebox=\box42
) (/usr/local/texlive/2019/texmf-dist/tex/latex/listings/listings.cfg
File: listings.cfg 2019/02/27 1.8b listings configuration
))
Package: listings 2019/02/27 1.8b (Carsten Heinz)
 (/usr/local/texlive/2019/texmf-dist/tex/latex/algorithm2e/algorithm2e.sty
Package: algorithm2e 2017/07/18 v5.2 algorithms environments
\c@AlgoLine=\count148
 (/usr/local/texlive/2019/texmf-dist/tex/latex/base/ifthen.sty
Package: ifthen 2014/09/29 v1.1c Standard LaTeX ifthen package (DPC)
)
\algocf@hangindent=\skip48
 (/usr/local/texlive/2019/texmf-dist/tex/latex/ifoddpage/ifoddpage.sty
Package: ifoddpage 2016/04/23 v1.1 Conditionals for odd/even page detection
\c@checkoddpage=\count149
) (/usr/local/texlive/2019/texmf-dist/tex/latex/tools/xspace.sty
Package: xspace 2014/10/28 v1.13 Space after command names (DPC,MH)
) (/usr/local/texlive/2019/texmf-dist/tex/latex/relsize/relsize.sty
Package: relsize 2013/03/29 ver 4.1
)
\skiptotal=\skip49
\skiplinenumber=\skip50
\skiprule=\skip51
\skiphlne=\skip52
\skiptext=\skip53
\skiplength=\skip54
\algomargin=\skip55
\skipalgocfslide=\skip56
\algowidth=\dimen187
\inoutsize=\dimen188
\inoutindent=\dimen189
\interspacetitleruled=\dimen190
\interspacealgoruled=\dimen191
\interspacetitleboxruled=\dimen192
\algocf@ruledwidth=\skip57
\algocf@inoutbox=\box43
\algocf@inputbox=\box44
\AlCapSkip=\skip58
\AlCapHSkip=\skip59
\algoskipindent=\skip60
\algocf@nlbox=\box45
\algocf@hangingbox=\box46
\algocf@untilbox=\box47
\algocf@skipuntil=\skip61
\algocf@capbox=\box48
\algocf@lcaptionbox=\skip62
\algoheightruledefault=\skip63
\algoheightrule=\skip64
\algotitleheightruledefault=\skip65
\algotitleheightrule=\skip66
\c@algocfline=\count150
\c@algocfproc=\count151
\c@algocf=\count152
\algocf@algoframe=\box49
\algocf@algobox=\box50
) (/Users/nikitaselyakh/Desktop/kursach/course/CourseWorkSample.aux
LaTeX Font Info:    Try loading font information for T2A+cmr on input line 4.
 (/usr/local/texlive/2019/texmf-dist/tex/latex/cyrillic/t2acmr.fd
File: t2acmr.fd 2001/08/11 v1.0a Computer Modern Cyrillic font definitions
)

LaTeX Warning: Label `9problem' multiply defined.


LaTeX Warning: Label `chap2' multiply defined.


LaTeX Warning: Label `chap2' multiply defined.


LaTeX Warning: Label `2sec:parametric-programming-mpc' multiply defined.

)
\openout1 = `CourseWorkSample.aux'.

LaTeX Font Info:    Checking defaults for OML/cmm/m/it on input line 15.
LaTeX Font Info:    ... okay on input line 15.
LaTeX Font Info:    Checking defaults for T1/cmr/m/n on input line 15.
LaTeX Font Info:    ... okay on input line 15.
LaTeX Font Info:    Checking defaults for OT1/cmr/m/n on input line 15.
LaTeX Font Info:    ... okay on input line 15.
LaTeX Font Info:    Checking defaults for OMS/cmsy/m/n on input line 15.
LaTeX Font Info:    ... okay on input line 15.
LaTeX Font Info:    Checking defaults for OMX/cmex/m/n on input line 15.
LaTeX Font Info:    ... okay on input line 15.
LaTeX Font Info:    Checking defaults for U/cmr/m/n on input line 15.
LaTeX Font Info:    ... okay on input line 15.
LaTeX Font Info:    Checking defaults for T2A/cmr/m/n on input line 15.
LaTeX Font Info:    ... okay on input line 15.
 (/usr/local/texlive/2019/texmf-dist/tex/context/base/mkii/supp-pdf.mkii
[Loading MPS to PDF converter (version 2006.09.02).]
\scratchcounter=\count153
\scratchdimen=\dimen193
\scratchbox=\box51
\nofMPsegments=\count154
\nofMParguments=\count155
\everyMPshowfont=\toks37
\MPscratchCnt=\count156
\MPscratchDim=\dimen194
\MPnumerator=\count157
\makeMPintoPDFobject=\count158
\everyMPtoPDFconversion=\toks38
) ABD: EveryShipout initializing macros
*geometry* driver: auto-detecting
*geometry* detected driver: pdftex
*geometry* verbose mode - [ preamble ] result:
* driver: pdftex
* paper: a4paper
* layout: <same size as paper>
* layoutoffset:(h,v)=(0.0pt,0.0pt)
* modes: 
* h-part:(L,W,R)=(85.35826pt, 483.69687pt, 28.45274pt)
* v-part:(T,H,B)=(56.9055pt, 731.23584pt, 56.9055pt)
* \paperwidth=597.50787pt
* \paperheight=845.04684pt
* \textwidth=483.69687pt
* \textheight=731.23584pt
* \oddsidemargin=13.08827pt
* \evensidemargin=13.08827pt
* \topmargin=-54.36449pt
* \headheight=14.0pt
* \headsep=25.0pt
* \topskip=14.0pt
* \footskip=30.0pt
* \marginparwidth=15.0pt
* \marginparsep=10.0pt
* \columnsep=10.0pt
* \skip\footins=12.0pt plus 4.0pt minus 2.0pt
* \hoffset=0.0pt
* \voffset=0.0pt
* \mag=1000
* \@twocolumnfalse
* \@twosidefalse
* \@mparswitchfalse
* \@reversemarginfalse
* (1in=72.27pt=25.4mm, 1cm=28.453pt)

Package caption Info: Begin \AtBeginDocument code.
Package caption Info: listings package is loaded.
Package caption Info: End \AtBeginDocument code.
\c@lstlisting=\count159

Overfull \hbox (14.22635pt too wide) in paragraph at lines 41--41
[]| [] 
 []


Underfull \hbox (badness 10000) in paragraph at lines 41--41

 []

[1

{/usr/local/texlive/2019/texmf-var/fonts/map/pdftex/updmap/pdftex.map}] (/Users/nikitaselyakh/Desktop/kursach/course/CourseWorkSample.toc
Overfull \hbox (7.9181pt too wide) detected at line 4
\T2A/cmr/bx/n/14.4 1 
 []


Overfull \hbox (7.9181pt too wide) detected at line 12
\T2A/cmr/bx/n/14.4 2 
 []


Overfull \hbox (7.9181pt too wide) detected at line 20
\T2A/cmr/bx/n/14.4 3 
 []


Overfull \hbox (7.9181pt too wide) detected at line 23
\T2A/cmr/bx/n/14.4 4 
 []

)
\tf@toc=\write4
\openout4 = `CourseWorkSample.toc'.

 (/Users/nikitaselyakh/Desktop/kursach/course/referat.tex [2

] [3

] [4

]
Underfull \hbox (badness 1097) in paragraph at lines 61--62
\T2A/cmr/m/n/14.4 OPTIMAL CONTROL, MODEL PREDICTIVE CONTROL, FEEDBACK,
 []


Underfull \hbox (badness 10000) in paragraph at lines 61--62
\T2A/cmr/m/n/14.4 SYNTHESIS PROBLEM, ALGORITHM, MULTI-PARAMETER
 []

) (/Users/nikitaselyakh/Desktop/kursach/course/intro.tex [5

] [6

]) (/Users/nikitaselyakh/Desktop/kursach/course/chapter1.tex [7]
{\cyrillictext \CYRG \cyrl \cyra \cyrv \cyra } 1.

Underfull \hbox (badness 10000) in paragraph at lines 29--29
 |[]\T2A/cmr/bx/n/17.28 Основные ре-зуль-та-ты тео-рии оп-ти-маль-но-го
 []

LaTeX Font Info:    Try loading font information for U+msa on input line 36.
(/usr/local/texlive/2019/texmf-dist/tex/latex/amsfonts/umsa.fd
File: umsa.fd 2013/01/14 v3.01 AMS symbols A
)
LaTeX Font Info:    Try loading font information for U+msb on input line 36.
 (/usr/local/texlive/2019/texmf-dist/tex/latex/amsfonts/umsb.fd
File: umsb.fd 2013/01/14 v3.01 AMS symbols B
) [8

]
LaTeX Font Info:    Try loading font information for OMS+cmr on input line 67.
 (/usr/local/texlive/2019/texmf-dist/tex/latex/base/omscmr.fd
File: omscmr.fd 2014/09/29 v2.5h Standard LaTeX font definitions
)
LaTeX Font Info:    Font shape `OMS/cmr/m/n' in size <14.4> not available
(Font)              Font shape `OMS/cmsy/m/n' tried instead on input line 67.
 [9] [10] [11] [12]

LaTeX Warning: Command \cyre invalid in math mode on input line 164.


LaTeX Warning: Command \cyrs invalid in math mode on input line 164.


LaTeX Warning: Command \cyrl invalid in math mode on input line 164.


LaTeX Warning: Command \cyri invalid in math mode on input line 164.

Missing character: There is no е in font cmr12!
Missing character: There is no с in font cmr12!
Missing character: There is no л in font cmr12!
Missing character: There is no и in font cmr12!
[13]
Underfull \hbox (badness 10000) in paragraph at lines 194--198

 []


LaTeX Warning: Command \cyrh invalid in math mode on input line 202.

Missing character: There is no х in font cmr12!

Underfull \hbox (badness 10000) in paragraph at lines 202--203
[]\T2A/cmr/m/n/14.4 Допустимое про-грамм-ное управ-ле-ние (про-грам-ма) --- кусочно-
 []

[14] [15] [16] [17]
Underfull \hbox (badness 3930) in paragraph at lines 353--354
[]\T2A/cmr/m/n/14.4 Оптимальное управ-ле-ние про-гно-зи-ру-ю-щей за-да-чи (пред-ска-зан-ное
 []

[18] [19] [20] [21]) (/Users/nikitaselyakh/Desktop/kursach/course/chapter2.tex [22]
{\cyrillictext \CYRG \cyrl \cyra \cyrv \cyra } 2.
[23

] [24] [25] [26] [27] [28] [29]
Underfull \hbox (badness 3792) in paragraph at lines 218--219
[]\T2A/cmr/m/n/14.4 Сформулированная тео-ре-ма утвер-жда-ет, что в за-да-че ли-ней-но-го
 []


Underfull \hbox (badness 2538) in paragraph at lines 235--235
 |[]\T2A/cmr/bx/n/17.28 Алгоритм по-стро-е-ния мно-го-па-ра-мет-ри-че-ско-го
 []

[30] [31] [32] [33] [34] [35] [36]
Package epstopdf Info: Source file: <course-img.eps>
(epstopdf)                    date: 2020-03-25 11:09:30
(epstopdf)                    size: 1490780 bytes
(epstopdf)             Output file: <course-img-eps-converted-to.pdf>
(epstopdf)                    date: 2020-03-25 11:10:20
(epstopdf)                    size: 37633 bytes
(epstopdf)             Command: <repstopdf --outfile=course-img-eps-converted-to.pdf course-img.eps>
(epstopdf)             \includegraphics on input line 507.
Package epstopdf Info: Output file is already uptodate.
<course-img-eps-converted-to.pdf, id=136, 261.97874pt x 145.54375pt>
File: course-img-eps-converted-to.pdf Graphic file (type pdf)
<use course-img-eps-converted-to.pdf>
Package pdftex.def Info: course-img-eps-converted-to.pdf  used on input line 507.
(pdftex.def)             Requested size: 241.84843pt x 134.36378pt.
 [37 </Users/nikitaselyakh/Desktop/kursach/course/course-img-eps-converted-to.pdf>]
Package epstopdf Info: Source file: <mpt-9.eps>
(epstopdf)                    date: 2020-03-16 11:27:45
(epstopdf)                    size: 554688 bytes
(epstopdf)             Output file: <mpt-9-eps-converted-to.pdf>
(epstopdf)                    date: 2020-03-16 11:28:05
(epstopdf)                    size: 10100 bytes
(epstopdf)             Command: <repstopdf --outfile=mpt-9-eps-converted-to.pdf mpt-9.eps>
(epstopdf)             \includegraphics on input line 529.
Package epstopdf Info: Output file is already uptodate.
<mpt-9-eps-converted-to.pdf, id=144, 250.9375pt x 56.21pt>
File: mpt-9-eps-converted-to.pdf Graphic file (type pdf)
<use mpt-9-eps-converted-to.pdf>
Package pdftex.def Info: mpt-9-eps-converted-to.pdf  used on input line 529.
(pdftex.def)             Requested size: 290.22107pt x 65.01665pt.
Package epstopdf Info: Source file: <mpt-4.eps>
(epstopdf)                    date: 2020-03-16 11:19:46
(epstopdf)                    size: 5091601 bytes
(epstopdf)             Output file: <mpt-4-eps-converted-to.pdf>
(epstopdf)                    date: 2020-03-16 11:25:35
(epstopdf)                    size: 138150 bytes
(epstopdf)             Command: <repstopdf --outfile=mpt-4-eps-converted-to.pdf mpt-4.eps>
(epstopdf)             \includegraphics on input line 538.
Package epstopdf Info: Output file is already uptodate.
<mpt-4-eps-converted-to.pdf, id=145, 875.27pt x 149.55875pt>
File: mpt-4-eps-converted-to.pdf Graphic file (type pdf)
<use mpt-4-eps-converted-to.pdf>
Package pdftex.def Info: mpt-4-eps-converted-to.pdf  used on input line 538.
(pdftex.def)             Requested size: 290.22107pt x 49.58958pt.
Package epstopdf Info: Source file: <mpt-3.eps>
(epstopdf)                    date: 2020-03-16 11:19:45
(epstopdf)                    size: 1764433 bytes
(epstopdf)             Output file: <mpt-3-eps-converted-to.pdf>
(epstopdf)                    date: 2020-03-16 11:25:18
(epstopdf)                    size: 32797 bytes
(epstopdf)             Command: <repstopdf --outfile=mpt-3-eps-converted-to.pdf mpt-3.eps>
(epstopdf)             \includegraphics on input line 546.
Package epstopdf Info: Output file is already uptodate.
<mpt-3-eps-converted-to.pdf, id=146, 468.75125pt x 96.36pt>
File: mpt-3-eps-converted-to.pdf Graphic file (type pdf)
<use mpt-3-eps-converted-to.pdf>
Package pdftex.def Info: mpt-3-eps-converted-to.pdf  used on input line 546.
(pdftex.def)             Requested size: 290.22107pt x 59.65875pt.
Package epstopdf Info: Source file: <mpt-2.eps>
(epstopdf)                    date: 2020-03-16 11:19:45
(epstopdf)                    size: 2788080 bytes
(epstopdf)             Output file: <mpt-2-eps-converted-to.pdf>
(epstopdf)                    date: 2020-03-16 11:25:17
(epstopdf)                    size: 46444 bytes
(epstopdf)             Command: <repstopdf --outfile=mpt-2-eps-converted-to.pdf mpt-2.eps>
(epstopdf)             \includegraphics on input line 554.
Package epstopdf Info: Output file is already uptodate.
<mpt-2-eps-converted-to.pdf, id=147, 599.23875pt x 119.44624pt>
File: mpt-2-eps-converted-to.pdf Graphic file (type pdf)
<use mpt-2-eps-converted-to.pdf>
Package pdftex.def Info: mpt-2-eps-converted-to.pdf  used on input line 554.
(pdftex.def)             Requested size: 290.22107pt x 57.85115pt.
 [38 </Users/nikitaselyakh/Desktop/kursach/course/mpt-9-eps-converted-to.pdf> </Users/nikitaselyakh/Desktop/kursach/course/mpt-4-eps-converted-to.pdf> </Users/nikitaselyakh/Desktop/kursach/course/mpt-3-eps-converted-to.pdf> </Users/nikitaselyakh/Desktop/kursach/course/mpt-2-eps-converted-to.pdf>]
Underfull \hbox (badness 10000) in paragraph at lines 590--593
[]\T2A/cmr/m/n/14.4 За си-му-ля-цию МРС-регулятора от-ве-ча-ют сле-ду-ю-щие функ-ции
 []

Package epstopdf Info: Source file: <mpt8.eps>
(epstopdf)                    date: 2020-03-16 11:20:31
(epstopdf)                    size: 523139 bytes
(epstopdf)             Output file: <mpt8-eps-converted-to.pdf>
(epstopdf)                    date: 2020-03-16 11:26:36
(epstopdf)                    size: 24408 bytes
(epstopdf)             Command: <repstopdf --outfile=mpt8-eps-converted-to.pdf mpt8.eps>
(epstopdf)             \includegraphics on input line 598.
Package epstopdf Info: Output file is already uptodate.
<mpt8-eps-converted-to.pdf, id=163, 120.45pt x 110.4125pt>
File: mpt8-eps-converted-to.pdf Graphic file (type pdf)
<use mpt8-eps-converted-to.pdf>
Package pdftex.def Info: mpt8-eps-converted-to.pdf  used on input line 598.
(pdftex.def)             Requested size: 169.29684pt x 155.20316pt.
Package epstopdf Info: Source file: <mpt-7.eps>
(epstopdf)                    date: 2020-03-16 11:20:31
(epstopdf)                    size: 671805 bytes
(epstopdf)             Output file: <mpt-7-eps-converted-to.pdf>
(epstopdf)                    date: 2020-03-16 11:26:13
(epstopdf)                    size: 30302 bytes
(epstopdf)             Command: <repstopdf --outfile=mpt-7-eps-converted-to.pdf mpt-7.eps>
(epstopdf)             \includegraphics on input line 599.
Package epstopdf Info: Output file is already uptodate.
<mpt-7-eps-converted-to.pdf, id=164, 350.30875pt x 315.1775pt>
File: mpt-7-eps-converted-to.pdf Graphic file (type pdf)
<use mpt-7-eps-converted-to.pdf>
Package pdftex.def Info: mpt-7-eps-converted-to.pdf  used on input line 599.
(pdftex.def)             Requested size: 145.11053pt x 130.56056pt.
Package epstopdf Info: Source file: <mpt-6.eps>
(epstopdf)                    date: 2020-03-16 11:20:31
(epstopdf)                    size: 681619 bytes
(epstopdf)             Output file: <mpt-6-eps-converted-to.pdf>
(epstopdf)                    date: 2020-03-16 11:25:57
(epstopdf)                    size: 43369 bytes
(epstopdf)             Command: <repstopdf --outfile=mpt-6-eps-converted-to.pdf mpt-6.eps>
(epstopdf)             \includegraphics on input line 600.
Package epstopdf Info: Output file is already uptodate.
<mpt-6-eps-converted-to.pdf, id=165, 368.37625pt x 304.13625pt>
File: mpt-6-eps-converted-to.pdf Graphic file (type pdf)
<use mpt-6-eps-converted-to.pdf>
Package pdftex.def Info: mpt-6-eps-converted-to.pdf  used on input line 600.
(pdftex.def)             Requested size: 145.11053pt x 119.80067pt.

LaTeX Warning: `h' float specifier changed to `ht'.


Underfull \hbox (badness 10000) in paragraph at lines 607--608

 []

[39]
Package epstopdf Info: Source file: <parametric-img.eps>
(epstopdf)                    date: 2020-03-25 13:21:10
(epstopdf)                    size: 8764275 bytes
(epstopdf)             Output file: <parametric-img-eps-converted-to.pdf>
(epstopdf)                    date: 2020-03-25 13:35:29
(epstopdf)                    size: 192003 bytes
(epstopdf)             Command: <repstopdf --outfile=parametric-img-eps-converted-to.pdf parametric-img.eps>
(epstopdf)             \includegraphics on input line 630.
Package epstopdf Info: Output file is already uptodate.
<parametric-img-eps-converted-to.pdf, id=169, 554.07pt x 406.51875pt>
File: parametric-img-eps-converted-to.pdf Graphic file (type pdf)
<use parametric-img-eps-converted-to.pdf>
Package pdftex.def Info: parametric-img-eps-converted-to.pdf  used on input line 630.
(pdftex.def)             Requested size: 241.84843pt x 177.44211pt.
 [40 </Users/nikitaselyakh/Desktop/kursach/course/mpt8-eps-converted-to.pdf> </Users/nikitaselyakh/Desktop/kursach/course/mpt-7-eps-converted-to.pdf> </Users/nikitaselyakh/Desktop/kursach/course/mpt-6-eps-converted-to.pdf> </Users/nikitaselyakh/Desktop/kursach/course/parametric-img-eps-converted-to.pdf>]) (/Users/nikitaselyakh/Desktop/kursach/course/chapter3.tex [41]
{\cyrillictext \CYRG \cyrl \cyra \cyrv \cyra } 3.
[42

] [43] [44]

LaTeX Warning: Command \CYRA invalid in math mode on input line 155.


LaTeX Warning: Command \CYRE invalid in math mode on input line 155.

Missing character: There is no А in font cmr12!
Missing character: There is no Е in font cmr12!

Underfull \hbox (badness 10000) in paragraph at lines 176--181

 []

[45] [46] [47] [48]) (/Users/nikitaselyakh/Desktop/kursach/course/chapter4.tex [49]
{\cyrillictext \CYRG \cyrl \cyra \cyrv \cyra } 4.
LaTeX Font Info:    Try loading font information for T2A+cmtt on input line 29.
(/usr/local/texlive/2019/texmf-dist/tex/latex/cyrillic/t2acmtt.fd
File: t2acmtt.fd 2001/08/11 v1.0a Computer Modern Cyrillic font definitions
) [50

]
Package epstopdf Info: Source file: <pctr-u.eps>
(epstopdf)                    date: 2020-05-21 19:36:17
(epstopdf)                    size: 16438 bytes
(epstopdf)             Output file: <pctr-u-eps-converted-to.pdf>
(epstopdf)                    date: 2020-05-21 19:36:23
(epstopdf)                    size: 6022 bytes
(epstopdf)             Command: <repstopdf --outfile=pctr-u-eps-converted-to.pdf pctr-u.eps>
(epstopdf)             \includegraphics on input line 83.
Package epstopdf Info: Output file is already uptodate.
<pctr-u-eps-converted-to.pdf, id=219, 562.1pt x 421.575pt>
File: pctr-u-eps-converted-to.pdf Graphic file (type pdf)
<use pctr-u-eps-converted-to.pdf>
Package pdftex.def Info: pctr-u-eps-converted-to.pdf  used on input line 83.
(pdftex.def)             Requested size: 193.47578pt x 145.10258pt.
Package epstopdf Info: Source file: <pctr-x.eps>
(epstopdf)                    date: 2020-05-21 19:34:23
(epstopdf)                    size: 15859 bytes
(epstopdf)             Output file: <pctr-x-eps-converted-to.pdf>
(epstopdf)                    date: 2020-05-21 19:34:49
(epstopdf)                    size: 4763 bytes
(epstopdf)             Command: <repstopdf --outfile=pctr-x-eps-converted-to.pdf pctr-x.eps>
(epstopdf)             \includegraphics on input line 87.
Package epstopdf Info: Output file is already uptodate.
<pctr-x-eps-converted-to.pdf, id=220, 562.1pt x 421.575pt>
File: pctr-x-eps-converted-to.pdf Graphic file (type pdf)
<use pctr-x-eps-converted-to.pdf>
Package pdftex.def Info: pctr-x-eps-converted-to.pdf  used on input line 87.
(pdftex.def)             Requested size: 193.47578pt x 145.10258pt.
Package epstopdf Info: Source file: <pctr-expl.eps>
(epstopdf)                    date: 2020-05-21 19:31:44
(epstopdf)                    size: 68790 bytes
(epstopdf)             Output file: <pctr-expl-eps-converted-to.pdf>
(epstopdf)                    date: 2020-05-21 19:33:18
(epstopdf)                    size: 59239 bytes
(epstopdf)             Command: <repstopdf --outfile=pctr-expl-eps-converted-to.pdf pctr-expl.eps>
(epstopdf)             \includegraphics on input line 91.
Package epstopdf Info: Output file is already uptodate.
<pctr-expl-eps-converted-to.pdf, id=221, 562.1pt x 421.575pt>
File: pctr-expl-eps-converted-to.pdf Graphic file (type pdf)
<use pctr-expl-eps-converted-to.pdf>
Package pdftex.def Info: pctr-expl-eps-converted-to.pdf  used on input line 91.
(pdftex.def)             Requested size: 193.47578pt x 145.10258pt.


LaTeX Warning: `!h' float specifier changed to `!ht'.

[51] [52 </Users/nikitaselyakh/Desktop/kursach/course/pctr-u-eps-converted-to.pdf> </Users/nikitaselyakh/Desktop/kursach/course/pctr-x-eps-converted-to.pdf> </Users/nikitaselyakh/Desktop/kursach/course/pctr-expl-eps-converted-to.pdf>]
Underfull \hbox (badness 10000) in paragraph at lines 175--177
[]\T2A/cmr/m/n/14.4 Далее нуж-но на ос-но-ва-нии $\OML/cmm/m/it/14.4 mptconstructMatrices$ \T2A/cmr/m/n/14.4 по-смот-реть
 []


Underfull \hbox (badness 1072) in paragraph at lines 175--177
\T2A/cmr/m/n/14.4 класс $\OML/cmm/m/it/14.4 Opt$\T2A/cmr/m/n/14.4 , ко-то-рый ин-кап-су-ли-ру-ет ин-фор-ма-цию и ре-ше-ния для за-дач
 []

[53]
Package epstopdf Info: Source file: <figure1.eps>
(epstopdf)                    date: 2020-03-07 22:36:03
(epstopdf)                    size: 191516 bytes
(epstopdf)             Output file: <figure1-eps-converted-to.pdf>
(epstopdf)                    date: 2020-03-07 22:36:03
(epstopdf)                    size: 173431 bytes
(epstopdf)             Command: <repstopdf --outfile=figure1-eps-converted-to.pdf figure1.eps>
(epstopdf)             \includegraphics on input line 209.
Package epstopdf Info: Output file is already uptodate.
<figure1-eps-converted-to.pdf, id=251, 562.1pt x 421.575pt>
File: figure1-eps-converted-to.pdf Graphic file (type pdf)
<use figure1-eps-converted-to.pdf>
Package pdftex.def Info: figure1-eps-converted-to.pdf  used on input line 209.
(pdftex.def)             Requested size: 232.17242pt x 174.12697pt.
Package epstopdf Info: Source file: <figure5.eps>
(epstopdf)                    date: 2020-03-07 22:36:03
(epstopdf)                    size: 171166 bytes
(epstopdf)             Output file: <figure5-eps-converted-to.pdf>
(epstopdf)                    date: 2020-03-07 22:36:03
(epstopdf)                    size: 153807 bytes
(epstopdf)             Command: <repstopdf --outfile=figure5-eps-converted-to.pdf figure5.eps>
(epstopdf)             \includegraphics on input line 213.
Package epstopdf Info: Output file is already uptodate.
<figure5-eps-converted-to.pdf, id=252, 562.1pt x 421.575pt>
File: figure5-eps-converted-to.pdf Graphic file (type pdf)
<use figure5-eps-converted-to.pdf>
Package pdftex.def Info: figure5-eps-converted-to.pdf  used on input line 213.
(pdftex.def)             Requested size: 232.17242pt x 174.12697pt.
Package epstopdf Info: Source file: <figure10.eps>
(epstopdf)                    date: 2020-03-07 22:36:03
(epstopdf)                    size: 119576 bytes
(epstopdf)             Output file: <figure10-eps-converted-to.pdf>
(epstopdf)                    date: 2020-03-07 22:36:03
(epstopdf)                    size: 15995 bytes
(epstopdf)             Command: <repstopdf --outfile=figure10-eps-converted-to.pdf figure10.eps>
(epstopdf)             \includegraphics on input line 217.
Package epstopdf Info: Output file is already uptodate.
<figure10-eps-converted-to.pdf, id=253, 562.1pt x 421.575pt>
File: figure10-eps-converted-to.pdf Graphic file (type pdf)
<use figure10-eps-converted-to.pdf>
Package pdftex.def Info: figure10-eps-converted-to.pdf  used on input line 217.
(pdftex.def)             Requested size: 232.17242pt x 174.12697pt.
Package epstopdf Info: Source file: <figure20.eps>
(epstopdf)                    date: 2020-03-07 22:36:03
(epstopdf)                    size: 16603 bytes
(epstopdf)             Output file: <figure20-eps-converted-to.pdf>
(epstopdf)                    date: 2020-03-07 22:36:03
(epstopdf)                    size: 5211 bytes
(epstopdf)             Command: <repstopdf --outfile=figure20-eps-converted-to.pdf figure20.eps>
(epstopdf)             \includegraphics on input line 221.
Package epstopdf Info: Output file is already uptodate.
<figure20-eps-converted-to.pdf, id=254, 562.1pt x 421.575pt>
File: figure20-eps-converted-to.pdf Graphic file (type pdf)
<use figure20-eps-converted-to.pdf>
Package pdftex.def Info: figure20-eps-converted-to.pdf  used on input line 221.
(pdftex.def)             Requested size: 232.17242pt x 174.12697pt.
Package epstopdf Info: Source file: <graphics-42.eps>
(epstopdf)                    date: 2020-05-21 22:34:53
(epstopdf)                    size: 22561 bytes
(epstopdf)             Output file: <graphics-42-eps-converted-to.pdf>
(epstopdf)                    date: 2020-05-21 22:34:57
(epstopdf)                    size: 6592 bytes
(epstopdf)             Command: <repstopdf --outfile=graphics-42-eps-converted-to.pdf graphics-42.eps>
(epstopdf)             \includegraphics on input line 225.
Package epstopdf Info: Output file is already uptodate.
<graphics-42-eps-converted-to.pdf, id=255, 601.24625pt x 473.77pt>
File: graphics-42-eps-converted-to.pdf Graphic file (type pdf)
<use graphics-42-eps-converted-to.pdf>
Package pdftex.def Info: graphics-42-eps-converted-to.pdf  used on input line 225.
(pdftex.def)             Requested size: 232.17242pt x 182.94781pt.
Package epstopdf Info: Source file: <x1x2.eps>
(epstopdf)                    date: 2020-05-21 22:25:40
(epstopdf)                    size: 16577 bytes
(epstopdf)             Output file: <x1x2-eps-converted-to.pdf>
(epstopdf)                    date: 2020-05-21 22:26:23
(epstopdf)                    size: 5847 bytes
(epstopdf)             Command: <repstopdf --outfile=x1x2-eps-converted-to.pdf x1x2.eps>
(epstopdf)             \includegraphics on input line 229.
Package epstopdf Info: Output file is already uptodate.
<x1x2-eps-converted-to.pdf, id=256, 562.1pt x 421.575pt>
File: x1x2-eps-converted-to.pdf Graphic file (type pdf)
<use x1x2-eps-converted-to.pdf>
Package pdftex.def Info: x1x2-eps-converted-to.pdf  used on input line 229.
(pdftex.def)             Requested size: 232.17242pt x 174.12697pt.


LaTeX Warning: `!h' float specifier changed to `!ht'.

[54] [55 </Users/nikitaselyakh/Desktop/kursach/course/figure1-eps-converted-to.pdf> </Users/nikitaselyakh/Desktop/kursach/course/figure5-eps-converted-to.pdf> </Users/nikitaselyakh/Desktop/kursach/course/figure10-eps-converted-to.pdf> </Users/nikitaselyakh/Desktop/kursach/course/figure20-eps-converted-to.pdf> </Users/nikitaselyakh/Desktop/kursach/course/graphics-42-eps-converted-to.pdf> </Users/nikitaselyakh/Desktop/kursach/course/x1x2-eps-converted-to.pdf>]
Overfull \hbox (57.12213pt too wide) in paragraph at lines 243--243
[]    \T2A/cmtt/m/n/14.4 u0 = linprog([ch', ch'],[],[],[dh,-dh],g0,zeros(2*N,1),L*ones(2*N,1)),[] 
 []


Overfull \hbox (5.96358pt too wide) in paragraph at lines 265--265
[]        \T2A/cmtt/m/n/14.4 dh(:,i) = integral(d,t0+h*(i-1),t0+h*i,'ArrayValued',true);[] 
 []

Package epstopdf Info: Source file: <primer2-u.eps>
(epstopdf)                    date: 2020-05-24 18:11:15
(epstopdf)                    size: 15711 bytes
(epstopdf)             Output file: <primer2-u-eps-converted-to.pdf>
(epstopdf)                    date: 2020-05-24 18:52:06
(epstopdf)                    size: 5049 bytes
(epstopdf)             Command: <repstopdf --outfile=primer2-u-eps-converted-to.pdf primer2-u.eps>
(epstopdf)             \includegraphics on input line 292.
Package epstopdf Info: Output file is already uptodate.
<primer2-u-eps-converted-to.pdf, id=303, 562.1pt x 421.575pt>
File: primer2-u-eps-converted-to.pdf Graphic file (type pdf)
<use primer2-u-eps-converted-to.pdf>
Package pdftex.def Info: primer2-u-eps-converted-to.pdf  used on input line 292.
(pdftex.def)             Requested size: 193.47578pt x 145.10258pt.
Package epstopdf Info: Source file: <picture2-x.eps>
(epstopdf)                    date: 2020-05-24 18:35:27
(epstopdf)                    size: 190560 bytes
(epstopdf)             Output file: <picture2-x-eps-converted-to.pdf>
(epstopdf)                    date: 2020-05-24 18:51:45
(epstopdf)                    size: 61684 bytes
(epstopdf)             Command: <repstopdf --outfile=picture2-x-eps-converted-to.pdf picture2-x.eps>
(epstopdf)             \includegraphics on input line 296.
Package epstopdf Info: Output file is already uptodate.
<picture2-x-eps-converted-to.pdf, id=304, 562.1pt x 421.575pt>
File: picture2-x-eps-converted-to.pdf Graphic file (type pdf)
<use picture2-x-eps-converted-to.pdf>
Package pdftex.def Info: picture2-x-eps-converted-to.pdf  used on input line 296.
(pdftex.def)             Requested size: 193.47578pt x 145.10258pt.

LaTeX Warning: `!h' float specifier changed to `!ht'.

[56

]) (/Users/nikitaselyakh/Desktop/kursach/course/conclusions.tex [57 </Users/nikitaselyakh/Desktop/kursach/course/primer2-u-eps-converted-to.pdf> </Users/nikitaselyakh/Desktop/kursach/course/picture2-x-eps-converted-to.pdf>]) (/Users/nikitaselyakh/Desktop/kursach/course/bibliography.tex [58

]
Underfull \hbox (badness 1546) in paragraph at lines 6--7
[]\T2A/cmr/m/n/14.4 Hazewinkel, M. Pontryagin maximum principle. Encyclopedia of
 []

[59

]) [60] (/Users/nikitaselyakh/Desktop/kursach/course/CourseWorkSample.aux)

LaTeX Warning: There were multiply-defined labels.

 ) 
Here is how much of TeX's memory you used:
 18561 strings out of 492616
 342971 string characters out of 6129481
 408664 words of memory out of 5000000
 22068 multiletter control sequences out of 15000+600000
 18539 words of font info for 53 fonts, out of 8000000 for 9000
 1141 hyphenation exceptions out of 8191
 62i,21n,50p,1272b,528s stack positions out of 5000i,500n,10000p,200000b,80000s
{/usr/local/texlive/2019/texmf-dist/fonts/enc/dvips/cm-super/cm-super-t2a.enc}</usr/local/texlive/2019/texmf-dist/fonts/type1/public/amsfonts/cm/cmex10.pfb></usr/local/texlive/2019/texmf-dist/fonts/type1/public/amsfonts/cm/cmmi10.pfb></usr/local/texlive/2019/texmf-dist/fonts/type1/public/amsfonts/cm/cmmi12.pfb></usr/local/texlive/2019/texmf-dist/fonts/type1/public/amsfonts/cm/cmmi7.pfb></usr/local/texlive/2019/texmf-dist/fonts/type1/public/amsfonts/cm/cmr10.pfb></usr/local/texlive/2019/texmf-dist/fonts/type1/public/amsfonts/cm/cmr12.pfb></usr/local/texlive/2019/texmf-dist/fonts/type1/public/amsfonts/cm/cmr7.pfb></usr/local/texlive/2019/texmf-dist/fonts/type1/public/amsfonts/cm/cmr8.pfb></usr/local/texlive/2019/texmf-dist/fonts/type1/public/amsfonts/cm/cmsy10.pfb></usr/local/texlive/2019/texmf-dist/fonts/type1/public/amsfonts/cm/cmsy7.pfb></usr/local/texlive/2019/texmf-dist/fonts/type1/public/amsfonts/symbols/msam10.pfb></usr/local/texlive/2019/texmf-dist/fonts/type1/public/amsfonts/symbols/msbm10.pfb></usr/local/texlive/2019/texmf-dist/fonts/type1/public/cm-super/sfbx1000.pfb></usr/local/texlive/2019/texmf-dist/fonts/type1/public/cm-super/sfbx1440.pfb></usr/local/texlive/2019/texmf-dist/fonts/type1/public/cm-super/sfbx1728.pfb></usr/local/texlive/2019/texmf-dist/fonts/type1/public/cm-super/sfrm1000.pfb></usr/local/texlive/2019/texmf-dist/fonts/type1/public/cm-super/sfrm1200.pfb></usr/local/texlive/2019/texmf-dist/fonts/type1/public/cm-super/sfrm1440.pfb></usr/local/texlive/2019/texmf-dist/fonts/type1/public/cm-super/sfti1440.pfb></usr/local/texlive/2019/texmf-dist/fonts/type1/public/cm-super/sftt1440.pfb>
Output written on /Users/nikitaselyakh/Desktop/kursach/course/CourseWorkSample.pdf (60 pages, 1449421 bytes).
PDF statistics:
 397 PDF objects out of 1000 (max. 8388607)
 260 compressed objects within 3 object streams
 0 named destinations out of 1000 (max. 500000)
 113 words of extra memory for PDF output out of 10000 (max. 10000000)

